Determining if the pthread_create exist failed with the following output:
Change Dir: /home/gyc/match_ws/build_isolated/move_base/CMakeFiles/CMakeTmp

Run Build Command:"/usr/bin/make" "cmTC_947b0/fast"
/usr/bin/make -f CMakeFiles/cmTC_947b0.dir/build.make CMakeFiles/cmTC_947b0.dir/build
make[1]: 进入目录“/home/gyc/match_ws/build_isolated/move_base/CMakeFiles/CMakeTmp”
Building C object CMakeFiles/cmTC_947b0.dir/CheckSymbolExists.c.o
/usr/bin/cc    -o CMakeFiles/cmTC_947b0.dir/CheckSymbolExists.c.o   -c /home/gyc/match_ws/build_isolated/move_base/CMakeFiles/CMakeTmp/CheckSymbolExists.c
Linking C executable cmTC_947b0
/usr/bin/cmake -E cmake_link_script CMakeFiles/cmTC_947b0.dir/link.txt --verbose=1
/usr/bin/cc      -rdynamic CMakeFiles/cmTC_947b0.dir/CheckSymbolExists.c.o  -o cmTC_947b0 
CMakeFiles/cmTC_947b0.dir/CheckSymbolExists.c.o：在函数‘main’中：
CheckSymbolExists.c:(.text+0x1b)：对‘pthread_create’未定义的引用
collect2: error: ld returned 1 exit status
CMakeFiles/cmTC_947b0.dir/build.make:97: recipe for target 'cmTC_947b0' failed
make[1]: *** [cmTC_947b0] Error 1
make[1]: 离开目录“/home/gyc/match_ws/build_isolated/move_base/CMakeFiles/CMakeTmp”
Makefile:126: recipe for target 'cmTC_947b0/fast' failed
make: *** [cmTC_947b0/fast] Error 2

File /home/gyc/match_ws/build_isolated/move_base/CMakeFiles/CMakeTmp/CheckSymbolExists.c:
/* */
#include <pthread.h>

int main(int argc, char** argv)
{
  (void)argv;
#ifndef pthread_create
  return ((int*)(&pthread_create))[argc];
#else
  (void)argc;
  return 0;
#endif
}

Determining if the function pthread_create exists in the pthreads failed with the following output:
Change Dir: /home/gyc/match_ws/build_isolated/move_base/CMakeFiles/CMakeTmp

Run Build Command:"/usr/bin/make" "cmTC_09ab1/fast"
/usr/bin/make -f CMakeFiles/cmTC_09ab1.dir/build.make CMakeFiles/cmTC_09ab1.dir/build
make[1]: 进入目录“/home/gyc/match_ws/build_isolated/move_base/CMakeFiles/CMakeTmp”
Building C object CMakeFiles/cmTC_09ab1.dir/CheckFunctionExists.c.o
/usr/bin/cc   -DCHECK_FUNCTION_EXISTS=pthread_create   -o CMakeFiles/cmTC_09ab1.dir/CheckFunctionExists.c.o   -c /usr/share/cmake-3.10/Modules/CheckFunctionExists.c
Linking C executable cmTC_09ab1
/usr/bin/cmake -E cmake_link_script CMakeFiles/cmTC_09ab1.dir/link.txt --verbose=1
/usr/bin/cc  -DCHECK_FUNCTION_EXISTS=pthread_create    -rdynamic CMakeFiles/cmTC_09ab1.dir/CheckFunctionExists.c.o  -o cmTC_09ab1 -lpthreads 
/usr/bin/ld: 找不到 -lpthreads
collect2: error: ld returned 1 exit status
CMakeFiles/cmTC_09ab1.dir/build.make:97: recipe for target 'cmTC_09ab1' failed
make[1]: *** [cmTC_09ab1] Error 1
make[1]: 离开目录“/home/gyc/match_ws/build_isolated/move_base/CMakeFiles/CMakeTmp”
Makefile:126: recipe for target 'cmTC_09ab1/fast' failed
make: *** [cmTC_09ab1/fast] Error 2


