Determining if the pthread_create exist failed with the following output:
Change Dir: /home/gyc/match_ws/build_isolated/path_server/CMakeFiles/CMakeTmp

Run Build Command:"/usr/bin/make" "cmTC_bf79e/fast"
/usr/bin/make -f CMakeFiles/cmTC_bf79e.dir/build.make CMakeFiles/cmTC_bf79e.dir/build
make[1]: 进入目录“/home/gyc/match_ws/build_isolated/path_server/CMakeFiles/CMakeTmp”
Building C object CMakeFiles/cmTC_bf79e.dir/CheckSymbolExists.c.o
/usr/bin/cc    -o CMakeFiles/cmTC_bf79e.dir/CheckSymbolExists.c.o   -c /home/gyc/match_ws/build_isolated/path_server/CMakeFiles/CMakeTmp/CheckSymbolExists.c
Linking C executable cmTC_bf79e
/usr/bin/cmake -E cmake_link_script CMakeFiles/cmTC_bf79e.dir/link.txt --verbose=1
/usr/bin/cc      -rdynamic CMakeFiles/cmTC_bf79e.dir/CheckSymbolExists.c.o  -o cmTC_bf79e 
CMakeFiles/cmTC_bf79e.dir/CheckSymbolExists.c.o：在函数‘main’中：
CheckSymbolExists.c:(.text+0x1b)：对‘pthread_create’未定义的引用
collect2: error: ld returned 1 exit status
CMakeFiles/cmTC_bf79e.dir/build.make:97: recipe for target 'cmTC_bf79e' failed
make[1]: *** [cmTC_bf79e] Error 1
make[1]: 离开目录“/home/gyc/match_ws/build_isolated/path_server/CMakeFiles/CMakeTmp”
Makefile:126: recipe for target 'cmTC_bf79e/fast' failed
make: *** [cmTC_bf79e/fast] Error 2

File /home/gyc/match_ws/build_isolated/path_server/CMakeFiles/CMakeTmp/CheckSymbolExists.c:
/* */
#include <pthread.h>

int main(int argc, char** argv)
{
  (void)argv;
#ifndef pthread_create
  return ((int*)(&pthread_create))[argc];
#else
  (void)argc;
  return 0;
#endif
}

Determining if the function pthread_create exists in the pthreads failed with the following output:
Change Dir: /home/gyc/match_ws/build_isolated/path_server/CMakeFiles/CMakeTmp

Run Build Command:"/usr/bin/make" "cmTC_5a5ea/fast"
/usr/bin/make -f CMakeFiles/cmTC_5a5ea.dir/build.make CMakeFiles/cmTC_5a5ea.dir/build
make[1]: 进入目录“/home/gyc/match_ws/build_isolated/path_server/CMakeFiles/CMakeTmp”
Building C object CMakeFiles/cmTC_5a5ea.dir/CheckFunctionExists.c.o
/usr/bin/cc   -DCHECK_FUNCTION_EXISTS=pthread_create   -o CMakeFiles/cmTC_5a5ea.dir/CheckFunctionExists.c.o   -c /usr/share/cmake-3.10/Modules/CheckFunctionExists.c
Linking C executable cmTC_5a5ea
/usr/bin/cmake -E cmake_link_script CMakeFiles/cmTC_5a5ea.dir/link.txt --verbose=1
/usr/bin/cc  -DCHECK_FUNCTION_EXISTS=pthread_create    -rdynamic CMakeFiles/cmTC_5a5ea.dir/CheckFunctionExists.c.o  -o cmTC_5a5ea -lpthreads 
/usr/bin/ld: 找不到 -lpthreads
collect2: error: ld returned 1 exit status
CMakeFiles/cmTC_5a5ea.dir/build.make:97: recipe for target 'cmTC_5a5ea' failed
make[1]: *** [cmTC_5a5ea] Error 1
make[1]: 离开目录“/home/gyc/match_ws/build_isolated/path_server/CMakeFiles/CMakeTmp”
Makefile:126: recipe for target 'cmTC_5a5ea/fast' failed
make: *** [cmTC_5a5ea/fast] Error 2


