Determining if the pthread_create exist failed with the following output:
Change Dir: /home/gyc/match_ws/build_isolated/mbf_msgs/CMakeFiles/CMakeTmp

Run Build Command:"/usr/bin/make" "cmTC_47307/fast"
/usr/bin/make -f CMakeFiles/cmTC_47307.dir/build.make CMakeFiles/cmTC_47307.dir/build
make[1]: 进入目录“/home/gyc/match_ws/build_isolated/mbf_msgs/CMakeFiles/CMakeTmp”
Building C object CMakeFiles/cmTC_47307.dir/CheckSymbolExists.c.o
/usr/bin/cc    -o CMakeFiles/cmTC_47307.dir/CheckSymbolExists.c.o   -c /home/gyc/match_ws/build_isolated/mbf_msgs/CMakeFiles/CMakeTmp/CheckSymbolExists.c
Linking C executable cmTC_47307
/usr/bin/cmake -E cmake_link_script CMakeFiles/cmTC_47307.dir/link.txt --verbose=1
/usr/bin/cc      -rdynamic CMakeFiles/cmTC_47307.dir/CheckSymbolExists.c.o  -o cmTC_47307 
CMakeFiles/cmTC_47307.dir/CheckSymbolExists.c.o：在函数‘main’中：
CheckSymbolExists.c:(.text+0x1b)：对‘pthread_create’未定义的引用
collect2: error: ld returned 1 exit status
CMakeFiles/cmTC_47307.dir/build.make:97: recipe for target 'cmTC_47307' failed
make[1]: *** [cmTC_47307] Error 1
make[1]: 离开目录“/home/gyc/match_ws/build_isolated/mbf_msgs/CMakeFiles/CMakeTmp”
Makefile:126: recipe for target 'cmTC_47307/fast' failed
make: *** [cmTC_47307/fast] Error 2

File /home/gyc/match_ws/build_isolated/mbf_msgs/CMakeFiles/CMakeTmp/CheckSymbolExists.c:
/* */
#include <pthread.h>

int main(int argc, char** argv)
{
  (void)argv;
#ifndef pthread_create
  return ((int*)(&pthread_create))[argc];
#else
  (void)argc;
  return 0;
#endif
}

Determining if the function pthread_create exists in the pthreads failed with the following output:
Change Dir: /home/gyc/match_ws/build_isolated/mbf_msgs/CMakeFiles/CMakeTmp

Run Build Command:"/usr/bin/make" "cmTC_36242/fast"
/usr/bin/make -f CMakeFiles/cmTC_36242.dir/build.make CMakeFiles/cmTC_36242.dir/build
make[1]: 进入目录“/home/gyc/match_ws/build_isolated/mbf_msgs/CMakeFiles/CMakeTmp”
Building C object CMakeFiles/cmTC_36242.dir/CheckFunctionExists.c.o
/usr/bin/cc   -DCHECK_FUNCTION_EXISTS=pthread_create   -o CMakeFiles/cmTC_36242.dir/CheckFunctionExists.c.o   -c /usr/share/cmake-3.10/Modules/CheckFunctionExists.c
Linking C executable cmTC_36242
/usr/bin/cmake -E cmake_link_script CMakeFiles/cmTC_36242.dir/link.txt --verbose=1
/usr/bin/cc  -DCHECK_FUNCTION_EXISTS=pthread_create    -rdynamic CMakeFiles/cmTC_36242.dir/CheckFunctionExists.c.o  -o cmTC_36242 -lpthreads 
/usr/bin/ld: 找不到 -lpthreads
collect2: error: ld returned 1 exit status
CMakeFiles/cmTC_36242.dir/build.make:97: recipe for target 'cmTC_36242' failed
make[1]: *** [cmTC_36242] Error 1
make[1]: 离开目录“/home/gyc/match_ws/build_isolated/mbf_msgs/CMakeFiles/CMakeTmp”
Makefile:126: recipe for target 'cmTC_36242/fast' failed
make: *** [cmTC_36242/fast] Error 2


