Determining if the pthread_create exist failed with the following output:
Change Dir: /home/gyc/match_ws/build_isolated/navfn/CMakeFiles/CMakeTmp

Run Build Command:"/usr/bin/make" "cmTC_3c12e/fast"
/usr/bin/make -f CMakeFiles/cmTC_3c12e.dir/build.make CMakeFiles/cmTC_3c12e.dir/build
make[1]: 进入目录“/home/gyc/match_ws/build_isolated/navfn/CMakeFiles/CMakeTmp”
Building C object CMakeFiles/cmTC_3c12e.dir/CheckSymbolExists.c.o
/usr/bin/cc    -o CMakeFiles/cmTC_3c12e.dir/CheckSymbolExists.c.o   -c /home/gyc/match_ws/build_isolated/navfn/CMakeFiles/CMakeTmp/CheckSymbolExists.c
Linking C executable cmTC_3c12e
/usr/bin/cmake -E cmake_link_script CMakeFiles/cmTC_3c12e.dir/link.txt --verbose=1
/usr/bin/cc      -rdynamic CMakeFiles/cmTC_3c12e.dir/CheckSymbolExists.c.o  -o cmTC_3c12e 
CMakeFiles/cmTC_3c12e.dir/CheckSymbolExists.c.o：在函数‘main’中：
CheckSymbolExists.c:(.text+0x1b)：对‘pthread_create’未定义的引用
collect2: error: ld returned 1 exit status
CMakeFiles/cmTC_3c12e.dir/build.make:97: recipe for target 'cmTC_3c12e' failed
make[1]: *** [cmTC_3c12e] Error 1
make[1]: 离开目录“/home/gyc/match_ws/build_isolated/navfn/CMakeFiles/CMakeTmp”
Makefile:126: recipe for target 'cmTC_3c12e/fast' failed
make: *** [cmTC_3c12e/fast] Error 2

File /home/gyc/match_ws/build_isolated/navfn/CMakeFiles/CMakeTmp/CheckSymbolExists.c:
/* */
#include <pthread.h>

int main(int argc, char** argv)
{
  (void)argv;
#ifndef pthread_create
  return ((int*)(&pthread_create))[argc];
#else
  (void)argc;
  return 0;
#endif
}

Determining if the function pthread_create exists in the pthreads failed with the following output:
Change Dir: /home/gyc/match_ws/build_isolated/navfn/CMakeFiles/CMakeTmp

Run Build Command:"/usr/bin/make" "cmTC_3d680/fast"
/usr/bin/make -f CMakeFiles/cmTC_3d680.dir/build.make CMakeFiles/cmTC_3d680.dir/build
make[1]: 进入目录“/home/gyc/match_ws/build_isolated/navfn/CMakeFiles/CMakeTmp”
Building C object CMakeFiles/cmTC_3d680.dir/CheckFunctionExists.c.o
/usr/bin/cc   -DCHECK_FUNCTION_EXISTS=pthread_create   -o CMakeFiles/cmTC_3d680.dir/CheckFunctionExists.c.o   -c /usr/share/cmake-3.10/Modules/CheckFunctionExists.c
Linking C executable cmTC_3d680
/usr/bin/cmake -E cmake_link_script CMakeFiles/cmTC_3d680.dir/link.txt --verbose=1
/usr/bin/cc  -DCHECK_FUNCTION_EXISTS=pthread_create    -rdynamic CMakeFiles/cmTC_3d680.dir/CheckFunctionExists.c.o  -o cmTC_3d680 -lpthreads 
/usr/bin/ld: 找不到 -lpthreads
collect2: error: ld returned 1 exit status
CMakeFiles/cmTC_3d680.dir/build.make:97: recipe for target 'cmTC_3d680' failed
make[1]: *** [cmTC_3d680] Error 1
make[1]: 离开目录“/home/gyc/match_ws/build_isolated/navfn/CMakeFiles/CMakeTmp”
Makefile:126: recipe for target 'cmTC_3d680/fast' failed
make: *** [cmTC_3d680/fast] Error 2


Determining if the include file FL/Fl.H exists failed with the following output:
Change Dir: /home/gyc/match_ws/build_isolated/navfn/CMakeFiles/CMakeTmp

Run Build Command:"/usr/bin/make" "cmTC_80f7b/fast"
/usr/bin/make -f CMakeFiles/cmTC_80f7b.dir/build.make CMakeFiles/cmTC_80f7b.dir/build
make[1]: 进入目录“/home/gyc/match_ws/build_isolated/navfn/CMakeFiles/CMakeTmp”
Building CXX object CMakeFiles/cmTC_80f7b.dir/CheckIncludeFile.cxx.o
/usr/bin/c++     -o CMakeFiles/cmTC_80f7b.dir/CheckIncludeFile.cxx.o -c /home/gyc/match_ws/build_isolated/navfn/CMakeFiles/CMakeTmp/CheckIncludeFile.cxx
/home/gyc/match_ws/build_isolated/navfn/CMakeFiles/CMakeTmp/CheckIncludeFile.cxx:1:10: fatal error: FL/Fl.H: 没有那个文件或目录
 #include <FL/Fl.H>
          ^~~~~~~~~
compilation terminated.
CMakeFiles/cmTC_80f7b.dir/build.make:65: recipe for target 'CMakeFiles/cmTC_80f7b.dir/CheckIncludeFile.cxx.o' failed
make[1]: *** [CMakeFiles/cmTC_80f7b.dir/CheckIncludeFile.cxx.o] Error 1
make[1]: 离开目录“/home/gyc/match_ws/build_isolated/navfn/CMakeFiles/CMakeTmp”
Makefile:126: recipe for target 'cmTC_80f7b/fast' failed
make: *** [cmTC_80f7b/fast] Error 2


