Determining if the pthread_create exist failed with the following output:
Change Dir: /home/gyc/match_ws/build_isolated/simulation_launch/CMakeFiles/CMakeTmp

Run Build Command:"/usr/bin/make" "cmTC_b8430/fast"
/usr/bin/make -f CMakeFiles/cmTC_b8430.dir/build.make CMakeFiles/cmTC_b8430.dir/build
make[1]: 进入目录“/home/gyc/match_ws/build_isolated/simulation_launch/CMakeFiles/CMakeTmp”
Building C object CMakeFiles/cmTC_b8430.dir/CheckSymbolExists.c.o
/usr/bin/cc    -o CMakeFiles/cmTC_b8430.dir/CheckSymbolExists.c.o   -c /home/gyc/match_ws/build_isolated/simulation_launch/CMakeFiles/CMakeTmp/CheckSymbolExists.c
Linking C executable cmTC_b8430
/usr/bin/cmake -E cmake_link_script CMakeFiles/cmTC_b8430.dir/link.txt --verbose=1
/usr/bin/cc      -rdynamic CMakeFiles/cmTC_b8430.dir/CheckSymbolExists.c.o  -o cmTC_b8430 
CMakeFiles/cmTC_b8430.dir/CheckSymbolExists.c.o：在函数‘main’中：
CheckSymbolExists.c:(.text+0x1b)：对‘pthread_create’未定义的引用
collect2: error: ld returned 1 exit status
CMakeFiles/cmTC_b8430.dir/build.make:97: recipe for target 'cmTC_b8430' failed
make[1]: *** [cmTC_b8430] Error 1
make[1]: 离开目录“/home/gyc/match_ws/build_isolated/simulation_launch/CMakeFiles/CMakeTmp”
Makefile:126: recipe for target 'cmTC_b8430/fast' failed
make: *** [cmTC_b8430/fast] Error 2

File /home/gyc/match_ws/build_isolated/simulation_launch/CMakeFiles/CMakeTmp/CheckSymbolExists.c:
/* */
#include <pthread.h>

int main(int argc, char** argv)
{
  (void)argv;
#ifndef pthread_create
  return ((int*)(&pthread_create))[argc];
#else
  (void)argc;
  return 0;
#endif
}

Determining if the function pthread_create exists in the pthreads failed with the following output:
Change Dir: /home/gyc/match_ws/build_isolated/simulation_launch/CMakeFiles/CMakeTmp

Run Build Command:"/usr/bin/make" "cmTC_1b2d0/fast"
/usr/bin/make -f CMakeFiles/cmTC_1b2d0.dir/build.make CMakeFiles/cmTC_1b2d0.dir/build
make[1]: 进入目录“/home/gyc/match_ws/build_isolated/simulation_launch/CMakeFiles/CMakeTmp”
Building C object CMakeFiles/cmTC_1b2d0.dir/CheckFunctionExists.c.o
/usr/bin/cc   -DCHECK_FUNCTION_EXISTS=pthread_create   -o CMakeFiles/cmTC_1b2d0.dir/CheckFunctionExists.c.o   -c /usr/share/cmake-3.10/Modules/CheckFunctionExists.c
Linking C executable cmTC_1b2d0
/usr/bin/cmake -E cmake_link_script CMakeFiles/cmTC_1b2d0.dir/link.txt --verbose=1
/usr/bin/cc  -DCHECK_FUNCTION_EXISTS=pthread_create    -rdynamic CMakeFiles/cmTC_1b2d0.dir/CheckFunctionExists.c.o  -o cmTC_1b2d0 -lpthreads 
/usr/bin/ld: 找不到 -lpthreads
collect2: error: ld returned 1 exit status
CMakeFiles/cmTC_1b2d0.dir/build.make:97: recipe for target 'cmTC_1b2d0' failed
make[1]: *** [cmTC_1b2d0] Error 1
make[1]: 离开目录“/home/gyc/match_ws/build_isolated/simulation_launch/CMakeFiles/CMakeTmp”
Makefile:126: recipe for target 'cmTC_1b2d0/fast' failed
make: *** [cmTC_1b2d0/fast] Error 2


