Determining if the pthread_create exist failed with the following output:
Change Dir: /home/gyc/match_ws/build_isolated/fake_localization/CMakeFiles/CMakeTmp

Run Build Command:"/usr/bin/make" "cmTC_e322a/fast"
/usr/bin/make -f CMakeFiles/cmTC_e322a.dir/build.make CMakeFiles/cmTC_e322a.dir/build
make[1]: 进入目录“/home/gyc/match_ws/build_isolated/fake_localization/CMakeFiles/CMakeTmp”
Building C object CMakeFiles/cmTC_e322a.dir/CheckSymbolExists.c.o
/usr/bin/cc    -o CMakeFiles/cmTC_e322a.dir/CheckSymbolExists.c.o   -c /home/gyc/match_ws/build_isolated/fake_localization/CMakeFiles/CMakeTmp/CheckSymbolExists.c
Linking C executable cmTC_e322a
/usr/bin/cmake -E cmake_link_script CMakeFiles/cmTC_e322a.dir/link.txt --verbose=1
/usr/bin/cc      -rdynamic CMakeFiles/cmTC_e322a.dir/CheckSymbolExists.c.o  -o cmTC_e322a 
CMakeFiles/cmTC_e322a.dir/CheckSymbolExists.c.o：在函数‘main’中：
CheckSymbolExists.c:(.text+0x1b)：对‘pthread_create’未定义的引用
collect2: error: ld returned 1 exit status
CMakeFiles/cmTC_e322a.dir/build.make:97: recipe for target 'cmTC_e322a' failed
make[1]: *** [cmTC_e322a] Error 1
make[1]: 离开目录“/home/gyc/match_ws/build_isolated/fake_localization/CMakeFiles/CMakeTmp”
Makefile:126: recipe for target 'cmTC_e322a/fast' failed
make: *** [cmTC_e322a/fast] Error 2

File /home/gyc/match_ws/build_isolated/fake_localization/CMakeFiles/CMakeTmp/CheckSymbolExists.c:
/* */
#include <pthread.h>

int main(int argc, char** argv)
{
  (void)argv;
#ifndef pthread_create
  return ((int*)(&pthread_create))[argc];
#else
  (void)argc;
  return 0;
#endif
}

Determining if the function pthread_create exists in the pthreads failed with the following output:
Change Dir: /home/gyc/match_ws/build_isolated/fake_localization/CMakeFiles/CMakeTmp

Run Build Command:"/usr/bin/make" "cmTC_eface/fast"
/usr/bin/make -f CMakeFiles/cmTC_eface.dir/build.make CMakeFiles/cmTC_eface.dir/build
make[1]: 进入目录“/home/gyc/match_ws/build_isolated/fake_localization/CMakeFiles/CMakeTmp”
Building C object CMakeFiles/cmTC_eface.dir/CheckFunctionExists.c.o
/usr/bin/cc   -DCHECK_FUNCTION_EXISTS=pthread_create   -o CMakeFiles/cmTC_eface.dir/CheckFunctionExists.c.o   -c /usr/share/cmake-3.10/Modules/CheckFunctionExists.c
Linking C executable cmTC_eface
/usr/bin/cmake -E cmake_link_script CMakeFiles/cmTC_eface.dir/link.txt --verbose=1
/usr/bin/cc  -DCHECK_FUNCTION_EXISTS=pthread_create    -rdynamic CMakeFiles/cmTC_eface.dir/CheckFunctionExists.c.o  -o cmTC_eface -lpthreads 
/usr/bin/ld: 找不到 -lpthreads
collect2: error: ld returned 1 exit status
CMakeFiles/cmTC_eface.dir/build.make:97: recipe for target 'cmTC_eface' failed
make[1]: *** [cmTC_eface] Error 1
make[1]: 离开目录“/home/gyc/match_ws/build_isolated/fake_localization/CMakeFiles/CMakeTmp”
Makefile:126: recipe for target 'cmTC_eface/fast' failed
make: *** [cmTC_eface/fast] Error 2


