Determining if the pthread_create exist failed with the following output:
Change Dir: /home/gyc/match_ws/build_isolated/location_fusion/CMakeFiles/CMakeTmp

Run Build Command:"/usr/bin/make" "cmTC_ec9e8/fast"
/usr/bin/make -f CMakeFiles/cmTC_ec9e8.dir/build.make CMakeFiles/cmTC_ec9e8.dir/build
make[1]: 进入目录“/home/gyc/match_ws/build_isolated/location_fusion/CMakeFiles/CMakeTmp”
Building C object CMakeFiles/cmTC_ec9e8.dir/CheckSymbolExists.c.o
/usr/bin/cc    -o CMakeFiles/cmTC_ec9e8.dir/CheckSymbolExists.c.o   -c /home/gyc/match_ws/build_isolated/location_fusion/CMakeFiles/CMakeTmp/CheckSymbolExists.c
Linking C executable cmTC_ec9e8
/usr/bin/cmake -E cmake_link_script CMakeFiles/cmTC_ec9e8.dir/link.txt --verbose=1
/usr/bin/cc      -rdynamic CMakeFiles/cmTC_ec9e8.dir/CheckSymbolExists.c.o  -o cmTC_ec9e8 
CMakeFiles/cmTC_ec9e8.dir/CheckSymbolExists.c.o：在函数‘main’中：
CheckSymbolExists.c:(.text+0x1b)：对‘pthread_create’未定义的引用
collect2: error: ld returned 1 exit status
CMakeFiles/cmTC_ec9e8.dir/build.make:97: recipe for target 'cmTC_ec9e8' failed
make[1]: *** [cmTC_ec9e8] Error 1
make[1]: 离开目录“/home/gyc/match_ws/build_isolated/location_fusion/CMakeFiles/CMakeTmp”
Makefile:126: recipe for target 'cmTC_ec9e8/fast' failed
make: *** [cmTC_ec9e8/fast] Error 2

File /home/gyc/match_ws/build_isolated/location_fusion/CMakeFiles/CMakeTmp/CheckSymbolExists.c:
/* */
#include <pthread.h>

int main(int argc, char** argv)
{
  (void)argv;
#ifndef pthread_create
  return ((int*)(&pthread_create))[argc];
#else
  (void)argc;
  return 0;
#endif
}

Determining if the function pthread_create exists in the pthreads failed with the following output:
Change Dir: /home/gyc/match_ws/build_isolated/location_fusion/CMakeFiles/CMakeTmp

Run Build Command:"/usr/bin/make" "cmTC_1c129/fast"
/usr/bin/make -f CMakeFiles/cmTC_1c129.dir/build.make CMakeFiles/cmTC_1c129.dir/build
make[1]: 进入目录“/home/gyc/match_ws/build_isolated/location_fusion/CMakeFiles/CMakeTmp”
Building C object CMakeFiles/cmTC_1c129.dir/CheckFunctionExists.c.o
/usr/bin/cc   -DCHECK_FUNCTION_EXISTS=pthread_create   -o CMakeFiles/cmTC_1c129.dir/CheckFunctionExists.c.o   -c /usr/share/cmake-3.10/Modules/CheckFunctionExists.c
Linking C executable cmTC_1c129
/usr/bin/cmake -E cmake_link_script CMakeFiles/cmTC_1c129.dir/link.txt --verbose=1
/usr/bin/cc  -DCHECK_FUNCTION_EXISTS=pthread_create    -rdynamic CMakeFiles/cmTC_1c129.dir/CheckFunctionExists.c.o  -o cmTC_1c129 -lpthreads 
/usr/bin/ld: 找不到 -lpthreads
collect2: error: ld returned 1 exit status
CMakeFiles/cmTC_1c129.dir/build.make:97: recipe for target 'cmTC_1c129' failed
make[1]: *** [cmTC_1c129] Error 1
make[1]: 离开目录“/home/gyc/match_ws/build_isolated/location_fusion/CMakeFiles/CMakeTmp”
Makefile:126: recipe for target 'cmTC_1c129/fast' failed
make: *** [cmTC_1c129/fast] Error 2


