Determining if the pthread_create exist failed with the following output:
Change Dir: /home/gyc/match_ws/build_isolated/record_path_planner/CMakeFiles/CMakeTmp

Run Build Command:"/usr/bin/make" "cmTC_09618/fast"
/usr/bin/make -f CMakeFiles/cmTC_09618.dir/build.make CMakeFiles/cmTC_09618.dir/build
make[1]: 进入目录“/home/gyc/match_ws/build_isolated/record_path_planner/CMakeFiles/CMakeTmp”
Building C object CMakeFiles/cmTC_09618.dir/CheckSymbolExists.c.o
/usr/bin/cc    -o CMakeFiles/cmTC_09618.dir/CheckSymbolExists.c.o   -c /home/gyc/match_ws/build_isolated/record_path_planner/CMakeFiles/CMakeTmp/CheckSymbolExists.c
Linking C executable cmTC_09618
/usr/bin/cmake -E cmake_link_script CMakeFiles/cmTC_09618.dir/link.txt --verbose=1
/usr/bin/cc      -rdynamic CMakeFiles/cmTC_09618.dir/CheckSymbolExists.c.o  -o cmTC_09618 
CMakeFiles/cmTC_09618.dir/CheckSymbolExists.c.o：在函数‘main’中：
CheckSymbolExists.c:(.text+0x1b)：对‘pthread_create’未定义的引用
collect2: error: ld returned 1 exit status
CMakeFiles/cmTC_09618.dir/build.make:97: recipe for target 'cmTC_09618' failed
make[1]: *** [cmTC_09618] Error 1
make[1]: 离开目录“/home/gyc/match_ws/build_isolated/record_path_planner/CMakeFiles/CMakeTmp”
Makefile:126: recipe for target 'cmTC_09618/fast' failed
make: *** [cmTC_09618/fast] Error 2

File /home/gyc/match_ws/build_isolated/record_path_planner/CMakeFiles/CMakeTmp/CheckSymbolExists.c:
/* */
#include <pthread.h>

int main(int argc, char** argv)
{
  (void)argv;
#ifndef pthread_create
  return ((int*)(&pthread_create))[argc];
#else
  (void)argc;
  return 0;
#endif
}

Determining if the function pthread_create exists in the pthreads failed with the following output:
Change Dir: /home/gyc/match_ws/build_isolated/record_path_planner/CMakeFiles/CMakeTmp

Run Build Command:"/usr/bin/make" "cmTC_13737/fast"
/usr/bin/make -f CMakeFiles/cmTC_13737.dir/build.make CMakeFiles/cmTC_13737.dir/build
make[1]: 进入目录“/home/gyc/match_ws/build_isolated/record_path_planner/CMakeFiles/CMakeTmp”
Building C object CMakeFiles/cmTC_13737.dir/CheckFunctionExists.c.o
/usr/bin/cc   -DCHECK_FUNCTION_EXISTS=pthread_create   -o CMakeFiles/cmTC_13737.dir/CheckFunctionExists.c.o   -c /usr/share/cmake-3.10/Modules/CheckFunctionExists.c
Linking C executable cmTC_13737
/usr/bin/cmake -E cmake_link_script CMakeFiles/cmTC_13737.dir/link.txt --verbose=1
/usr/bin/cc  -DCHECK_FUNCTION_EXISTS=pthread_create    -rdynamic CMakeFiles/cmTC_13737.dir/CheckFunctionExists.c.o  -o cmTC_13737 -lpthreads 
/usr/bin/ld: 找不到 -lpthreads
collect2: error: ld returned 1 exit status
CMakeFiles/cmTC_13737.dir/build.make:97: recipe for target 'cmTC_13737' failed
make[1]: *** [cmTC_13737] Error 1
make[1]: 离开目录“/home/gyc/match_ws/build_isolated/record_path_planner/CMakeFiles/CMakeTmp”
Makefile:126: recipe for target 'cmTC_13737/fast' failed
make: *** [cmTC_13737/fast] Error 2


