Determining if the pthread_create exist failed with the following output:
Change Dir: /home/gyc/match_ws/build_isolated/mbf_costmap_nav/CMakeFiles/CMakeTmp

Run Build Command:"/usr/bin/make" "cmTC_b15e4/fast"
/usr/bin/make -f CMakeFiles/cmTC_b15e4.dir/build.make CMakeFiles/cmTC_b15e4.dir/build
make[1]: 进入目录“/home/gyc/match_ws/build_isolated/mbf_costmap_nav/CMakeFiles/CMakeTmp”
Building C object CMakeFiles/cmTC_b15e4.dir/CheckSymbolExists.c.o
/usr/bin/cc    -o CMakeFiles/cmTC_b15e4.dir/CheckSymbolExists.c.o   -c /home/gyc/match_ws/build_isolated/mbf_costmap_nav/CMakeFiles/CMakeTmp/CheckSymbolExists.c
Linking C executable cmTC_b15e4
/usr/bin/cmake -E cmake_link_script CMakeFiles/cmTC_b15e4.dir/link.txt --verbose=1
/usr/bin/cc      -rdynamic CMakeFiles/cmTC_b15e4.dir/CheckSymbolExists.c.o  -o cmTC_b15e4 
CMakeFiles/cmTC_b15e4.dir/CheckSymbolExists.c.o：在函数‘main’中：
CheckSymbolExists.c:(.text+0x1b)：对‘pthread_create’未定义的引用
collect2: error: ld returned 1 exit status
CMakeFiles/cmTC_b15e4.dir/build.make:97: recipe for target 'cmTC_b15e4' failed
make[1]: *** [cmTC_b15e4] Error 1
make[1]: 离开目录“/home/gyc/match_ws/build_isolated/mbf_costmap_nav/CMakeFiles/CMakeTmp”
Makefile:126: recipe for target 'cmTC_b15e4/fast' failed
make: *** [cmTC_b15e4/fast] Error 2

File /home/gyc/match_ws/build_isolated/mbf_costmap_nav/CMakeFiles/CMakeTmp/CheckSymbolExists.c:
/* */
#include <pthread.h>

int main(int argc, char** argv)
{
  (void)argv;
#ifndef pthread_create
  return ((int*)(&pthread_create))[argc];
#else
  (void)argc;
  return 0;
#endif
}

Determining if the function pthread_create exists in the pthreads failed with the following output:
Change Dir: /home/gyc/match_ws/build_isolated/mbf_costmap_nav/CMakeFiles/CMakeTmp

Run Build Command:"/usr/bin/make" "cmTC_2cd33/fast"
/usr/bin/make -f CMakeFiles/cmTC_2cd33.dir/build.make CMakeFiles/cmTC_2cd33.dir/build
make[1]: 进入目录“/home/gyc/match_ws/build_isolated/mbf_costmap_nav/CMakeFiles/CMakeTmp”
Building C object CMakeFiles/cmTC_2cd33.dir/CheckFunctionExists.c.o
/usr/bin/cc   -DCHECK_FUNCTION_EXISTS=pthread_create   -o CMakeFiles/cmTC_2cd33.dir/CheckFunctionExists.c.o   -c /usr/share/cmake-3.10/Modules/CheckFunctionExists.c
Linking C executable cmTC_2cd33
/usr/bin/cmake -E cmake_link_script CMakeFiles/cmTC_2cd33.dir/link.txt --verbose=1
/usr/bin/cc  -DCHECK_FUNCTION_EXISTS=pthread_create    -rdynamic CMakeFiles/cmTC_2cd33.dir/CheckFunctionExists.c.o  -o cmTC_2cd33 -lpthreads 
/usr/bin/ld: 找不到 -lpthreads
collect2: error: ld returned 1 exit status
CMakeFiles/cmTC_2cd33.dir/build.make:97: recipe for target 'cmTC_2cd33' failed
make[1]: *** [cmTC_2cd33] Error 1
make[1]: 离开目录“/home/gyc/match_ws/build_isolated/mbf_costmap_nav/CMakeFiles/CMakeTmp”
Makefile:126: recipe for target 'cmTC_2cd33/fast' failed
make: *** [cmTC_2cd33/fast] Error 2


