Determining if the pthread_create exist failed with the following output:
Change Dir: /home/gyc/match_ws/build_isolated/costmap_2d/CMakeFiles/CMakeTmp

Run Build Command:"/usr/bin/make" "cmTC_d468d/fast"
/usr/bin/make -f CMakeFiles/cmTC_d468d.dir/build.make CMakeFiles/cmTC_d468d.dir/build
make[1]: 进入目录“/home/gyc/match_ws/build_isolated/costmap_2d/CMakeFiles/CMakeTmp”
Building C object CMakeFiles/cmTC_d468d.dir/CheckSymbolExists.c.o
/usr/bin/cc    -o CMakeFiles/cmTC_d468d.dir/CheckSymbolExists.c.o   -c /home/gyc/match_ws/build_isolated/costmap_2d/CMakeFiles/CMakeTmp/CheckSymbolExists.c
Linking C executable cmTC_d468d
/usr/bin/cmake -E cmake_link_script CMakeFiles/cmTC_d468d.dir/link.txt --verbose=1
/usr/bin/cc      -rdynamic CMakeFiles/cmTC_d468d.dir/CheckSymbolExists.c.o  -o cmTC_d468d 
CMakeFiles/cmTC_d468d.dir/CheckSymbolExists.c.o：在函数‘main’中：
CheckSymbolExists.c:(.text+0x1b)：对‘pthread_create’未定义的引用
collect2: error: ld returned 1 exit status
CMakeFiles/cmTC_d468d.dir/build.make:97: recipe for target 'cmTC_d468d' failed
make[1]: *** [cmTC_d468d] Error 1
make[1]: 离开目录“/home/gyc/match_ws/build_isolated/costmap_2d/CMakeFiles/CMakeTmp”
Makefile:126: recipe for target 'cmTC_d468d/fast' failed
make: *** [cmTC_d468d/fast] Error 2

File /home/gyc/match_ws/build_isolated/costmap_2d/CMakeFiles/CMakeTmp/CheckSymbolExists.c:
/* */
#include <pthread.h>

int main(int argc, char** argv)
{
  (void)argv;
#ifndef pthread_create
  return ((int*)(&pthread_create))[argc];
#else
  (void)argc;
  return 0;
#endif
}

Determining if the function pthread_create exists in the pthreads failed with the following output:
Change Dir: /home/gyc/match_ws/build_isolated/costmap_2d/CMakeFiles/CMakeTmp

Run Build Command:"/usr/bin/make" "cmTC_9276a/fast"
/usr/bin/make -f CMakeFiles/cmTC_9276a.dir/build.make CMakeFiles/cmTC_9276a.dir/build
make[1]: 进入目录“/home/gyc/match_ws/build_isolated/costmap_2d/CMakeFiles/CMakeTmp”
Building C object CMakeFiles/cmTC_9276a.dir/CheckFunctionExists.c.o
/usr/bin/cc   -DCHECK_FUNCTION_EXISTS=pthread_create   -o CMakeFiles/cmTC_9276a.dir/CheckFunctionExists.c.o   -c /usr/share/cmake-3.10/Modules/CheckFunctionExists.c
Linking C executable cmTC_9276a
/usr/bin/cmake -E cmake_link_script CMakeFiles/cmTC_9276a.dir/link.txt --verbose=1
/usr/bin/cc  -DCHECK_FUNCTION_EXISTS=pthread_create    -rdynamic CMakeFiles/cmTC_9276a.dir/CheckFunctionExists.c.o  -o cmTC_9276a -lpthreads 
/usr/bin/ld: 找不到 -lpthreads
collect2: error: ld returned 1 exit status
CMakeFiles/cmTC_9276a.dir/build.make:97: recipe for target 'cmTC_9276a' failed
make[1]: *** [cmTC_9276a] Error 1
make[1]: 离开目录“/home/gyc/match_ws/build_isolated/costmap_2d/CMakeFiles/CMakeTmp”
Makefile:126: recipe for target 'cmTC_9276a/fast' failed
make: *** [cmTC_9276a/fast] Error 2


