Determining if the pthread_create exist failed with the following output:
Change Dir: /home/gyc/match_ws/build_isolated/cartographer_rviz/CMakeFiles/CMakeTmp

Run Build Command:"/usr/bin/make" "cmTC_3f9c6/fast"
/usr/bin/make -f CMakeFiles/cmTC_3f9c6.dir/build.make CMakeFiles/cmTC_3f9c6.dir/build
make[1]: 进入目录“/home/gyc/match_ws/build_isolated/cartographer_rviz/CMakeFiles/CMakeTmp”
Building C object CMakeFiles/cmTC_3f9c6.dir/CheckSymbolExists.c.o
/usr/bin/cc    -o CMakeFiles/cmTC_3f9c6.dir/CheckSymbolExists.c.o   -c /home/gyc/match_ws/build_isolated/cartographer_rviz/CMakeFiles/CMakeTmp/CheckSymbolExists.c
Linking C executable cmTC_3f9c6
/usr/bin/cmake -E cmake_link_script CMakeFiles/cmTC_3f9c6.dir/link.txt --verbose=1
/usr/bin/cc      -rdynamic CMakeFiles/cmTC_3f9c6.dir/CheckSymbolExists.c.o  -o cmTC_3f9c6 
CMakeFiles/cmTC_3f9c6.dir/CheckSymbolExists.c.o：在函数‘main’中：
CheckSymbolExists.c:(.text+0x1b)：对‘pthread_create’未定义的引用
collect2: error: ld returned 1 exit status
CMakeFiles/cmTC_3f9c6.dir/build.make:97: recipe for target 'cmTC_3f9c6' failed
make[1]: *** [cmTC_3f9c6] Error 1
make[1]: 离开目录“/home/gyc/match_ws/build_isolated/cartographer_rviz/CMakeFiles/CMakeTmp”
Makefile:126: recipe for target 'cmTC_3f9c6/fast' failed
make: *** [cmTC_3f9c6/fast] Error 2

File /home/gyc/match_ws/build_isolated/cartographer_rviz/CMakeFiles/CMakeTmp/CheckSymbolExists.c:
/* */
#include <pthread.h>

int main(int argc, char** argv)
{
  (void)argv;
#ifndef pthread_create
  return ((int*)(&pthread_create))[argc];
#else
  (void)argc;
  return 0;
#endif
}

Determining if the function pthread_create exists in the pthreads failed with the following output:
Change Dir: /home/gyc/match_ws/build_isolated/cartographer_rviz/CMakeFiles/CMakeTmp

Run Build Command:"/usr/bin/make" "cmTC_50922/fast"
/usr/bin/make -f CMakeFiles/cmTC_50922.dir/build.make CMakeFiles/cmTC_50922.dir/build
make[1]: 进入目录“/home/gyc/match_ws/build_isolated/cartographer_rviz/CMakeFiles/CMakeTmp”
Building C object CMakeFiles/cmTC_50922.dir/CheckFunctionExists.c.o
/usr/bin/cc   -DCHECK_FUNCTION_EXISTS=pthread_create   -o CMakeFiles/cmTC_50922.dir/CheckFunctionExists.c.o   -c /usr/share/cmake-3.10/Modules/CheckFunctionExists.c
Linking C executable cmTC_50922
/usr/bin/cmake -E cmake_link_script CMakeFiles/cmTC_50922.dir/link.txt --verbose=1
/usr/bin/cc  -DCHECK_FUNCTION_EXISTS=pthread_create    -rdynamic CMakeFiles/cmTC_50922.dir/CheckFunctionExists.c.o  -o cmTC_50922 -lpthreads 
/usr/bin/ld: 找不到 -lpthreads
collect2: error: ld returned 1 exit status
CMakeFiles/cmTC_50922.dir/build.make:97: recipe for target 'cmTC_50922' failed
make[1]: *** [cmTC_50922] Error 1
make[1]: 离开目录“/home/gyc/match_ws/build_isolated/cartographer_rviz/CMakeFiles/CMakeTmp”
Makefile:126: recipe for target 'cmTC_50922/fast' failed
make: *** [cmTC_50922/fast] Error 2


