Determining if the pthread_create exist failed with the following output:
Change Dir: /home/gyc/match_ws/build_isolated/velodyne_msgs/CMakeFiles/CMakeTmp

Run Build Command:"/usr/bin/make" "cmTC_8f92a/fast"
/usr/bin/make -f CMakeFiles/cmTC_8f92a.dir/build.make CMakeFiles/cmTC_8f92a.dir/build
make[1]: 进入目录“/home/gyc/match_ws/build_isolated/velodyne_msgs/CMakeFiles/CMakeTmp”
Building C object CMakeFiles/cmTC_8f92a.dir/CheckSymbolExists.c.o
/usr/bin/cc    -o CMakeFiles/cmTC_8f92a.dir/CheckSymbolExists.c.o   -c /home/gyc/match_ws/build_isolated/velodyne_msgs/CMakeFiles/CMakeTmp/CheckSymbolExists.c
Linking C executable cmTC_8f92a
/usr/bin/cmake -E cmake_link_script CMakeFiles/cmTC_8f92a.dir/link.txt --verbose=1
/usr/bin/cc      -rdynamic CMakeFiles/cmTC_8f92a.dir/CheckSymbolExists.c.o  -o cmTC_8f92a 
CMakeFiles/cmTC_8f92a.dir/CheckSymbolExists.c.o：在函数‘main’中：
CheckSymbolExists.c:(.text+0x1b)：对‘pthread_create’未定义的引用
collect2: error: ld returned 1 exit status
CMakeFiles/cmTC_8f92a.dir/build.make:97: recipe for target 'cmTC_8f92a' failed
make[1]: *** [cmTC_8f92a] Error 1
make[1]: 离开目录“/home/gyc/match_ws/build_isolated/velodyne_msgs/CMakeFiles/CMakeTmp”
Makefile:126: recipe for target 'cmTC_8f92a/fast' failed
make: *** [cmTC_8f92a/fast] Error 2

File /home/gyc/match_ws/build_isolated/velodyne_msgs/CMakeFiles/CMakeTmp/CheckSymbolExists.c:
/* */
#include <pthread.h>

int main(int argc, char** argv)
{
  (void)argv;
#ifndef pthread_create
  return ((int*)(&pthread_create))[argc];
#else
  (void)argc;
  return 0;
#endif
}

Determining if the function pthread_create exists in the pthreads failed with the following output:
Change Dir: /home/gyc/match_ws/build_isolated/velodyne_msgs/CMakeFiles/CMakeTmp

Run Build Command:"/usr/bin/make" "cmTC_c70a9/fast"
/usr/bin/make -f CMakeFiles/cmTC_c70a9.dir/build.make CMakeFiles/cmTC_c70a9.dir/build
make[1]: 进入目录“/home/gyc/match_ws/build_isolated/velodyne_msgs/CMakeFiles/CMakeTmp”
Building C object CMakeFiles/cmTC_c70a9.dir/CheckFunctionExists.c.o
/usr/bin/cc   -DCHECK_FUNCTION_EXISTS=pthread_create   -o CMakeFiles/cmTC_c70a9.dir/CheckFunctionExists.c.o   -c /usr/share/cmake-3.10/Modules/CheckFunctionExists.c
Linking C executable cmTC_c70a9
/usr/bin/cmake -E cmake_link_script CMakeFiles/cmTC_c70a9.dir/link.txt --verbose=1
/usr/bin/cc  -DCHECK_FUNCTION_EXISTS=pthread_create    -rdynamic CMakeFiles/cmTC_c70a9.dir/CheckFunctionExists.c.o  -o cmTC_c70a9 -lpthreads 
/usr/bin/ld: 找不到 -lpthreads
collect2: error: ld returned 1 exit status
CMakeFiles/cmTC_c70a9.dir/build.make:97: recipe for target 'cmTC_c70a9' failed
make[1]: *** [cmTC_c70a9] Error 1
make[1]: 离开目录“/home/gyc/match_ws/build_isolated/velodyne_msgs/CMakeFiles/CMakeTmp”
Makefile:126: recipe for target 'cmTC_c70a9/fast' failed
make: *** [cmTC_c70a9/fast] Error 2


