Determining if the pthread_create exist failed with the following output:
Change Dir: /home/gyc/match_ws/build_isolated/no_enemy_app/CMakeFiles/CMakeTmp

Run Build Command:"/usr/bin/make" "cmTC_f12bc/fast"
/usr/bin/make -f CMakeFiles/cmTC_f12bc.dir/build.make CMakeFiles/cmTC_f12bc.dir/build
make[1]: 进入目录“/home/gyc/match_ws/build_isolated/no_enemy_app/CMakeFiles/CMakeTmp”
Building C object CMakeFiles/cmTC_f12bc.dir/CheckSymbolExists.c.o
/usr/bin/cc    -o CMakeFiles/cmTC_f12bc.dir/CheckSymbolExists.c.o   -c /home/gyc/match_ws/build_isolated/no_enemy_app/CMakeFiles/CMakeTmp/CheckSymbolExists.c
Linking C executable cmTC_f12bc
/usr/bin/cmake -E cmake_link_script CMakeFiles/cmTC_f12bc.dir/link.txt --verbose=1
/usr/bin/cc      -rdynamic CMakeFiles/cmTC_f12bc.dir/CheckSymbolExists.c.o  -o cmTC_f12bc 
CMakeFiles/cmTC_f12bc.dir/CheckSymbolExists.c.o：在函数‘main’中：
CheckSymbolExists.c:(.text+0x1b)：对‘pthread_create’未定义的引用
collect2: error: ld returned 1 exit status
CMakeFiles/cmTC_f12bc.dir/build.make:97: recipe for target 'cmTC_f12bc' failed
make[1]: *** [cmTC_f12bc] Error 1
make[1]: 离开目录“/home/gyc/match_ws/build_isolated/no_enemy_app/CMakeFiles/CMakeTmp”
Makefile:126: recipe for target 'cmTC_f12bc/fast' failed
make: *** [cmTC_f12bc/fast] Error 2

File /home/gyc/match_ws/build_isolated/no_enemy_app/CMakeFiles/CMakeTmp/CheckSymbolExists.c:
/* */
#include <pthread.h>

int main(int argc, char** argv)
{
  (void)argv;
#ifndef pthread_create
  return ((int*)(&pthread_create))[argc];
#else
  (void)argc;
  return 0;
#endif
}

Determining if the function pthread_create exists in the pthreads failed with the following output:
Change Dir: /home/gyc/match_ws/build_isolated/no_enemy_app/CMakeFiles/CMakeTmp

Run Build Command:"/usr/bin/make" "cmTC_4e057/fast"
/usr/bin/make -f CMakeFiles/cmTC_4e057.dir/build.make CMakeFiles/cmTC_4e057.dir/build
make[1]: 进入目录“/home/gyc/match_ws/build_isolated/no_enemy_app/CMakeFiles/CMakeTmp”
Building C object CMakeFiles/cmTC_4e057.dir/CheckFunctionExists.c.o
/usr/bin/cc   -DCHECK_FUNCTION_EXISTS=pthread_create   -o CMakeFiles/cmTC_4e057.dir/CheckFunctionExists.c.o   -c /usr/share/cmake-3.10/Modules/CheckFunctionExists.c
Linking C executable cmTC_4e057
/usr/bin/cmake -E cmake_link_script CMakeFiles/cmTC_4e057.dir/link.txt --verbose=1
/usr/bin/cc  -DCHECK_FUNCTION_EXISTS=pthread_create    -rdynamic CMakeFiles/cmTC_4e057.dir/CheckFunctionExists.c.o  -o cmTC_4e057 -lpthreads 
/usr/bin/ld: 找不到 -lpthreads
collect2: error: ld returned 1 exit status
CMakeFiles/cmTC_4e057.dir/build.make:97: recipe for target 'cmTC_4e057' failed
make[1]: *** [cmTC_4e057] Error 1
make[1]: 离开目录“/home/gyc/match_ws/build_isolated/no_enemy_app/CMakeFiles/CMakeTmp”
Makefile:126: recipe for target 'cmTC_4e057/fast' failed
make: *** [cmTC_4e057/fast] Error 2


